<?xml version="1.0" encoding="UTF-8"?>
<!-- Generated by org.testng.reporters.JUnitXMLReporter -->
<testsuite hostname="selenium-PC" ignored="0" name="BookFlightTest" tests="5" failures="0" timestamp="09 Apr 2019 10:53:53 GMT" time="65.347" errors="0">
  <testcase name="registrationPage" time="24.237" classname="com.newtours.tests.BookFlightTest"/>
  <testcase name="registrationConfirmationPage" time="12.212" classname="com.newtours.tests.BookFlightTest"/>
  <testcase name="flightDetailsPage" time="6.159" classname="com.newtours.tests.BookFlightTest"/>
  <testcase name="findFlightPage" time="11.792" classname="com.newtours.tests.BookFlightTest"/>
  <testcase name="flightConfirmationPage" time="4.727" classname="com.newtours.tests.BookFlightTest"/>
</testsuite> <!-- BookFlightTest -->
