<?xml version="1.0" encoding="UTF-8"?>
<testng-results skipped="0" failed="0" ignored="0" total="1" passed="1">
  <reporter-output>
  </reporter-output>
  <suite name="Default suite" duration-ms="12771" started-at="2019-04-06T16:02:55Z" finished-at="2019-04-06T16:03:08Z">
    <groups>
    </groups>
    <test name="Default test" duration-ms="12771" started-at="2019-04-06T16:02:55Z" finished-at="2019-04-06T16:03:08Z">
      <class name="SauceLabs">
        <test-method status="PASS" signature="shouldOpenSafari()[pri:0, instance:SauceLabs@475530b9]" name="shouldOpenSafari" duration-ms="12716" started-at="2019-04-06T16:02:55Z" finished-at="2019-04-06T16:03:08Z">
          <reporter-output>
          </reporter-output>
        </test-method> <!-- shouldOpenSafari -->
      </class> <!-- SauceLabs -->
    </test> <!-- Default test -->
  </suite> <!-- Default suite -->
</testng-results>
