<?xml version="1.0" encoding="UTF-8"?>
<testng-results skipped="0" failed="0" ignored="0" total="1" passed="1">
  <reporter-output>
  </reporter-output>
  <suite name="Default suite" duration-ms="19995" started-at="2019-04-06T16:17:04Z" finished-at="2019-04-06T16:17:24Z">
    <groups>
    </groups>
    <test name="Default test" duration-ms="19995" started-at="2019-04-06T16:17:04Z" finished-at="2019-04-06T16:17:24Z">
      <class name="SauceLabsWeb">
        <test-method status="PASS" signature="Windows()[pri:0, instance:SauceLabsWeb@475530b9]" name="Windows" duration-ms="19949" started-at="2019-04-06T16:17:04Z" finished-at="2019-04-06T16:17:24Z">
          <reporter-output>
          </reporter-output>
        </test-method> <!-- Windows -->
      </class> <!-- SauceLabsWeb -->
    </test> <!-- Default test -->
  </suite> <!-- Default suite -->
</testng-results>
